[0420/004503.790:ERROR:process_info.cc(329)] VirtualQueryEx: Access is denied. (0x5)
[0420/004503.803:ERROR:process_info.cc(556)] ReadMemoryInfo failed
[0420/004503.803:ERROR:scoped_process_suspend.cc(40)] NtResumeProcess: An attempt was made to access an exiting process. (0xc000010a)
[0420/013111.921:ERROR:process_info.cc(329)] VirtualQueryEx: Access is denied. (0x5)
[0420/013111.921:ERROR:process_info.cc(556)] ReadMemoryInfo failed
[0420/013111.921:ERROR:process_memory_win.cc(39)] Failed to initialize ProcessInfo.
[0420/013111.921:ERROR:scoped_process_suspend.cc(40)] NtResumeProcess: An attempt was made to access an exiting process. (0xc000010a)
[0420/182848.156:ERROR:process_info.cc(329)] VirtualQueryEx: Access is denied. (0x5)
[0420/182848.173:ERROR:process_info.cc(556)] ReadMemoryInfo failed
[0420/182848.173:ERROR:scoped_process_suspend.cc(40)] NtResumeProcess: An attempt was made to access an exiting process. (0xc000010a)
[0420/231109.852:ERROR:process_info.cc(329)] VirtualQueryEx: Access is denied. (0x5)
[0420/231109.853:ERROR:process_info.cc(556)] ReadMemoryInfo failed
[0420/231109.854:ERROR:scoped_process_suspend.cc(40)] NtResumeProcess: An attempt was made to access an exiting process. (0xc000010a)
[0423/015048.622:ERROR:process_memory_win.cc(73)] ReadMemory at 0x89961fc000 of 16384 bytes failed: Only part of a ReadProcessMemory or WriteProcessMemory request was completed. (0x12B)
[0423/015048.622:ERROR:process_memory_win.cc(73)] ReadMemory at 0x8995125000 of 852 bytes failed: Only part of a ReadProcessMemory or WriteProcessMemory request was completed. (0x12B)
[0423/015048.622:ERROR:process_memory_win.cc(73)] ReadMemory at 0x8995128000 of 6024 bytes failed: Only part of a ReadProcessMemory or WriteProcessMemory request was completed. (0x12B)
[0423/015048.622:ERROR:process_memory_win.cc(73)] ReadMemory at 0x189d7580750 of 80 bytes failed: Only part of a ReadProcessMemory or WriteProcessMemory request was completed. (0x12B)
[0423/015048.622:ERROR:process_memory_win.cc(73)] ReadMemory at 0x189d7580fe0 of 15084 bytes failed: Only part of a ReadProcessMemory or WriteProcessMemory request was completed. (0x12B)
[0423/015048.622:ERROR:process_memory_win.cc(73)] ReadMemory at 0x189d7584ae0 of 1012 bytes failed: Only part of a ReadProcessMemory or WriteProcessMemory request was completed. (0x12B)
[0423/015048.622:ERROR:process_memory_win.cc(73)] ReadMemory at 0x189d7585128 of 118 bytes failed: Only part of a ReadProcessMemory or WriteProcessMemory request was completed. (0x12B)
[0423/015048.622:ERROR:process_memory_win.cc(73)] ReadMemory at 0x189d75851a0 of 316 bytes failed: Only part of a ReadProcessMemory or WriteProcessMemory request was completed. (0x12B)
[0423/015048.622:ERROR:process_memory_win.cc(73)] ReadMemory at 0x189d75852de of 118 bytes failed: Only part of a ReadProcessMemory or WriteProcessMemory request was completed. (0x12B)
[0423/015048.622:ERROR:process_memory_win.cc(73)] ReadMemory at 0x189d7585356 of 100 bytes failed: Only part of a ReadProcessMemory or WriteProcessMemory request was completed. (0x12B)
[0423/015048.622:ERROR:process_memory_win.cc(73)] ReadMemory at 0x189d75853d0 of 58 bytes failed: Only part of a ReadProcessMemory or WriteProcessMemory request was completed. (0x12B)
[0423/015048.622:ERROR:process_memory_win.cc(73)] ReadMemory at 0x189d75854d0 of 132 bytes failed: Only part of a ReadProcessMemory or WriteProcessMemory request was completed. (0x12B)
[0423/015048.622:ERROR:process_memory_win.cc(73)] ReadMemory at 0x189d7585660 of 132 bytes failed: Only part of a ReadProcessMemory or WriteProcessMemory request was completed. (0x12B)
[0423/015048.622:ERROR:process_memory_win.cc(73)] ReadMemory at 0x189d7585820 of 126 bytes failed: Only part of a ReadProcessMemory or WriteProcessMemory request was completed. (0x12B)
[0423/015048.622:ERROR:process_memory_win.cc(73)] ReadMemory at 0x189d7585c00 of 132 bytes failed: Only part of a ReadProcessMemory or WriteProcessMemory request was completed. (0x12B)
[0423/015048.622:ERROR:process_memory_win.cc(73)] ReadMemory at 0x189d7585d90 of 64 bytes failed: Only part of a ReadProcessMemory or WriteProcessMemory request was completed. (0x12B)
[0423/015048.622:ERROR:process_memory_win.cc(73)] ReadMemory at 0x189d7585f50 of 132 bytes failed: Only part of a ReadProcessMemory or WriteProcessMemory request was completed. (0x12B)
[0423/015048.622:ERROR:process_memory_win.cc(73)] ReadMemory at 0x189d75861f0 of 132 bytes failed: Only part of a ReadProcessMemory or WriteProcessMemory request was completed. (0x12B)
[0423/015048.622:ERROR:process_memory_win.cc(73)] ReadMemory at 0x189d7586380 of 68 bytes failed: Only part of a ReadProcessMemory or WriteProcessMemory request was completed. (0x12B)
[0423/015048.622:ERROR:process_memory_win.cc(73)] ReadMemory at 0x189d7587370 of 132 bytes failed: Only part of a ReadProcessMemory or WriteProcessMemory request was completed. (0x12B)
[0423/015048.622:ERROR:process_memory_win.cc(73)] ReadMemory at 0x189d7587500 of 154 bytes failed: Only part of a ReadProcessMemory or WriteProcessMemory request was completed. (0x12B)
[0423/015048.622:ERROR:process_memory_win.cc(73)] ReadMemory at 0x189d7588240 of 132 bytes failed: Only part of a ReadProcessMemory or WriteProcessMemory request was completed. (0x12B)
[0423/015048.622:ERROR:process_memory_win.cc(73)] ReadMemory at 0x189d75883d0 of 60 bytes failed: Only part of a ReadProcessMemory or WriteProcessMemory request was completed. (0x12B)
[0423/015048.622:ERROR:process_memory_win.cc(73)] ReadMemory at 0x189d7588530 of 132 bytes failed: Only part of a ReadProcessMemory or WriteProcessMemory request was completed. (0x12B)
[0423/015048.622:ERROR:process_memory_win.cc(73)] ReadMemory at 0x189d7588dc0 of 146 bytes failed: Only part of a ReadProcessMemory or WriteProcessMemory request was completed. (0x12B)
[0423/015048.622:ERROR:process_memory_win.cc(73)] ReadMemory at 0x189d7588ea0 of 62 bytes failed: Only part of a ReadProcessMemory or WriteProcessMemory request was completed. (0x12B)
[0423/015048.622:ERROR:process_memory_win.cc(73)] ReadMemory at 0x189d758903c of 512 bytes failed: Only part of a ReadProcessMemory or WriteProcessMemory request was completed. (0x12B)
[0423/015048.622:ERROR:process_memory_win.cc(73)] ReadMemory at 0x189d7589670 of 132 bytes failed: Only part of a ReadProcessMemory or WriteProcessMemory request was completed. (0x12B)
[0423/015048.622:ERROR:process_memory_win.cc(73)] ReadMemory at 0x189d7589890 of 132 bytes failed: Only part of a ReadProcessMemory or WriteProcessMemory request was completed. (0x12B)
[0423/015048.622:ERROR:process_memory_win.cc(73)] ReadMemory at 0x189d7589bf0 of 132 bytes failed: Only part of a ReadProcessMemory or WriteProcessMemory request was completed. (0x12B)
[0423/015048.622:ERROR:process_memory_win.cc(73)] ReadMemory at 0x189d7589e00 of 132 bytes failed: Only part of a ReadProcessMemory or WriteProcessMemory request was completed. (0x12B)
[0423/015048.622:ERROR:process_memory_win.cc(73)] ReadMemory at 0x189d7589fd0 of 132 bytes failed: Only part of a ReadProcessMemory or WriteProcessMemory request was completed. (0x12B)
[0423/015048.622:ERROR:process_memory_win.cc(73)] ReadMemory at 0x189d758cf20 of 64 bytes failed: Only part of a ReadProcessMemory or WriteProcessMemory request was completed. (0x12B)
[0423/015048.622:ERROR:process_memory_win.cc(73)] ReadMemory at 0x189d758cfc0 of 62 bytes failed: Only part of a ReadProcessMemory or WriteProcessMemory request was completed. (0x12B)
[0423/015048.622:ERROR:process_memory_win.cc(73)] ReadMemory at 0x189d758d010 of 64 bytes failed: Only part of a ReadProcessMemory or WriteProcessMemory request was completed. (0x12B)
[0423/015048.622:ERROR:process_memory_win.cc(73)] ReadMemory at 0x189d758d1f0 of 60 bytes failed: Only part of a ReadProcessMemory or WriteProcessMemory request was completed. (0x12B)
[0423/015048.622:ERROR:process_memory_win.cc(73)] ReadMemory at 0x189d758d2e0 of 62 bytes failed: Only part of a ReadProcessMemory or WriteProcessMemory request was completed. (0x12B)
[0423/015048.622:ERROR:process_memory_win.cc(73)] ReadMemory at 0x189d758d330 of 60 bytes failed: Only part of a ReadProcessMemory or WriteProcessMemory request was completed. (0x12B)
[0423/015048.622:ERROR:process_memory_win.cc(73)] ReadMemory at 0x189d758d3d0 of 64 bytes failed: Only part of a ReadProcessMemory or WriteProcessMemory request was completed. (0x12B)
[0423/015048.622:ERROR:process_memory_win.cc(73)] ReadMemory at 0x189d758d510 of 64 bytes failed: Only part of a ReadProcessMemory or WriteProcessMemory request was completed. (0x12B)
[0423/015048.622:ERROR:process_memory_win.cc(73)] ReadMemory at 0x189d758d600 of 66 bytes failed: Only part of a ReadProcessMemory or WriteProcessMemory request was completed. (0x12B)
[0423/015048.622:ERROR:process_memory_win.cc(73)] ReadMemory at 0x189d758dbe0 of 80 bytes failed: Only part of a ReadProcessMemory or WriteProcessMemory request was completed. (0x12B)
[0423/015048.622:ERROR:process_memory_win.cc(73)] ReadMemory at 0x189d758e240 of 76 bytes failed: Only part of a ReadProcessMemory or WriteProcessMemory request was completed. (0x12B)
[0423/015048.622:ERROR:process_memory_win.cc(73)] ReadMemory at 0x189d7592500 of 54 bytes failed: Only part of a ReadProcessMemory or WriteProcessMemory request was completed. (0x12B)
[0423/015048.622:ERROR:process_memory_win.cc(73)] ReadMemory at 0x189d7592d00 of 132 bytes failed: Only part of a ReadProcessMemory or WriteProcessMemory request was completed. (0x12B)
[0423/015048.622:ERROR:process_memory_win.cc(73)] ReadMemory at 0x189d7592e30 of 132 bytes failed: Only part of a ReadProcessMemory or WriteProcessMemory request was completed. (0x12B)
[0423/015048.622:ERROR:process_memory_win.cc(73)] ReadMemory at 0x189d7593120 of 132 bytes failed: Only part of a ReadProcessMemory or WriteProcessMemory request was completed. (0x12B)
[0423/015048.622:ERROR:process_memory_win.cc(73)] ReadMemory at 0x189d75938f0 of 132 bytes failed: Only part of a ReadProcessMemory or WriteProcessMemory request was completed. (0x12B)
[0423/015048.622:ERROR:process_memory_win.cc(73)] ReadMemory at 0x189d7594180 of 62 bytes failed: Only part of a ReadProcessMemory or WriteProcessMemory request was completed. (0x12B)
[0423/015048.622:ERROR:process_memory_win.cc(73)] ReadMemory at 0x189d7594270 of 62 bytes failed: Only part of a ReadProcessMemory or WriteProcessMemory request was completed. (0x12B)
[0423/015048.622:ERROR:process_memory_win.cc(73)] ReadMemory at 0x189d7594310 of 62 bytes failed: Only part of a ReadProcessMemory or WriteProcessMemory request was completed. (0x12B)
[0423/015048.622:ERROR:process_memory_win.cc(73)] ReadMemory at 0x189d7594400 of 58 bytes failed: Only part of a ReadProcessMemory or WriteProcessMemory request was completed. (0x12B)
[0423/015048.622:ERROR:process_memory_win.cc(73)] ReadMemory at 0x189d7594590 of 62 bytes failed: Only part of a ReadProcessMemory or WriteProcessMemory request was completed. (0x12B)
[0423/015048.622:ERROR:process_memory_win.cc(73)] ReadMemory at 0x189d75945e0 of 64 bytes failed: Only part of a ReadProcessMemory or WriteProcessMemory request was completed. (0x12B)
[0423/015048.622:ERROR:process_memory_win.cc(73)] ReadMemory at 0x189d7594680 of 64 bytes failed: Only part of a ReadProcessMemory or WriteProcessMemory request was completed. (0x12B)
[0423/015048.622:ERROR:process_memory_win.cc(73)] ReadMemory at 0x189d75946d0 of 62 bytes failed: Only part of a ReadProcessMemory or WriteProcessMemory request was completed. (0x12B)
[0423/015048.622:ERROR:process_memory_win.cc(73)] ReadMemory at 0x189d7594770 of 64 bytes failed: Only part of a ReadProcessMemory or WriteProcessMemory request was completed. (0x12B)
[0423/015048.622:ERROR:process_memory_win.cc(73)] ReadMemory at 0x189d75947c0 of 62 bytes failed: Only part of a ReadProcessMemory or WriteProcessMemory request was completed. (0x12B)
[0423/015048.622:ERROR:process_memory_win.cc(73)] ReadMemory at 0x189d7594810 of 60 bytes failed: Only part of a ReadProcessMemory or WriteProcessMemory request was completed. (0x12B)
[0423/015048.622:ERROR:process_memory_win.cc(73)] ReadMemory at 0x189d7594860 of 60 bytes failed: Only part of a ReadProcessMemory or WriteProcessMemory request was completed. (0x12B)
[0423/015048.622:ERROR:process_memory_win.cc(73)] ReadMemory at 0x189d75948b0 of 66 bytes failed: Only part of a ReadProcessMemory or WriteProcessMemory request was completed. (0x12B)
[0423/015048.622:ERROR:process_memory_win.cc(73)] ReadMemory at 0x189d7594900 of 60 bytes failed: Only part of a ReadProcessMemory or WriteProcessMemory request was completed. (0x12B)
[0423/015048.622:ERROR:process_memory_win.cc(73)] ReadMemory at 0x189d75949f0 of 60 bytes failed: Only part of a ReadProcessMemory or WriteProcessMemory request was completed. (0x12B)
[0423/015048.622:ERROR:process_memory_win.cc(73)] ReadMemory at 0x189d7594e00 of 62 bytes failed: Only part of a ReadProcessMemory or WriteProcessMemory request was completed. (0x12B)
[0423/015048.622:ERROR:process_memory_win.cc(73)] ReadMemory at 0x189d7594e50 of 62 bytes failed: Only part of a ReadProcessMemory or WriteProcessMemory request was completed. (0x12B)
[0423/015048.622:ERROR:process_memory_win.cc(73)] ReadMemory at 0x189d7594ef0 of 64 bytes failed: Only part of a ReadProcessMemory or WriteProcessMemory request was completed. (0x12B)
[0423/015048.622:ERROR:process_memory_win.cc(73)] ReadMemory at 0x189d7598bf0 of 132 bytes failed: Only part of a ReadProcessMemory or WriteProcessMemory request was completed. (0x12B)
[0423/015048.622:ERROR:process_memory_win.cc(73)] ReadMemory at 0x189d7598d20 of 132 bytes failed: Only part of a ReadProcessMemory or WriteProcessMemory request was completed. (0x12B)
[0423/015048.622:ERROR:process_memory_win.cc(73)] ReadMemory at 0x189d7598e50 of 132 bytes failed: Only part of a ReadProcessMemory or WriteProcessMemory request was completed. (0x12B)
[0423/015048.622:ERROR:process_memory_win.cc(73)] ReadMemory at 0x189d7598f80 of 132 bytes failed: Only part of a ReadProcessMemory or WriteProcessMemory request was completed. (0x12B)
[0423/015048.622:ERROR:process_memory_win.cc(73)] ReadMemory at 0x189d75990b0 of 132 bytes failed: Only part of a ReadProcessMemory or WriteProcessMemory request was completed. (0x12B)
[0423/015048.622:ERROR:process_memory_win.cc(73)] ReadMemory at 0x189d75991e0 of 132 bytes failed: Only part of a ReadProcessMemory or WriteProcessMemory request was completed. (0x12B)
[0423/015048.622:ERROR:process_memory_win.cc(73)] ReadMemory at 0x189d7599440 of 132 bytes failed: Only part of a ReadProcessMemory or WriteProcessMemory request was completed. (0x12B)
[0423/015048.622:ERROR:process_memory_win.cc(73)] ReadMemory at 0x189d7599570 of 132 bytes failed: Only part of a ReadProcessMemory or WriteProcessMemory request was completed. (0x12B)
[0423/015048.622:ERROR:process_memory_win.cc(73)] ReadMemory at 0x189d75996a0 of 132 bytes failed: Only part of a ReadProcessMemory or WriteProcessMemory request was completed. (0x12B)
[0423/015048.622:ERROR:process_memory_win.cc(73)] ReadMemory at 0x189d75997d0 of 132 bytes failed: Only part of a ReadProcessMemory or WriteProcessMemory request was completed. (0x12B)
[0423/015048.622:ERROR:process_memory_win.cc(73)] ReadMemory at 0x189d7599900 of 132 bytes failed: Only part of a ReadProcessMemory or WriteProcessMemory request was completed. (0x12B)
[0423/015048.622:ERROR:process_memory_win.cc(73)] ReadMemory at 0x189d7599a30 of 132 bytes failed: Only part of a ReadProcessMemory or WriteProcessMemory request was completed. (0x12B)
[0423/015048.622:ERROR:process_memory_win.cc(73)] ReadMemory at 0x189d759a420 of 132 bytes failed: Only part of a ReadProcessMemory or WriteProcessMemory request was completed. (0x12B)
[0423/015048.622:ERROR:process_memory_win.cc(73)] ReadMemory at 0x189d759a550 of 132 bytes failed: Only part of a ReadProcessMemory or WriteProcessMemory request was completed. (0x12B)
[0423/015048.622:ERROR:process_memory_win.cc(73)] ReadMemory at 0x189d759a7b0 of 132 bytes failed: Only part of a ReadProcessMemory or WriteProcessMemory request was completed. (0x12B)
[0423/015048.622:ERROR:process_memory_win.cc(73)] ReadMemory at 0x189d759ab40 of 132 bytes failed: Only part of a ReadProcessMemory or WriteProcessMemory request was completed. (0x12B)
[0423/015048.622:ERROR:process_memory_win.cc(73)] ReadMemory at 0x189d759ac70 of 132 bytes failed: Only part of a ReadProcessMemory or WriteProcessMemory request was completed. (0x12B)
[0423/015048.622:ERROR:process_memory_win.cc(73)] ReadMemory at 0x189d759ada0 of 132 bytes failed: Only part of a ReadProcessMemory or WriteProcessMemory request was completed. (0x12B)
[0423/015048.622:ERROR:process_memory_win.cc(73)] ReadMemory at 0x189d759b390 of 132 bytes failed: Only part of a ReadProcessMemory or WriteProcessMemory request was completed. (0x12B)
[0423/015048.622:ERROR:process_memory_win.cc(73)] ReadMemory at 0x189d759b4c0 of 132 bytes failed: Only part of a ReadProcessMemory or WriteProcessMemory request was completed. (0x12B)
[0423/015048.622:ERROR:process_memory_win.cc(73)] ReadMemory at 0x189d759bbe0 of 132 bytes failed: Only part of a ReadProcessMemory or WriteProcessMemory request was completed. (0x12B)
[0423/015048.622:ERROR:process_memory_win.cc(73)] ReadMemory at 0x189d759bd10 of 132 bytes failed: Only part of a ReadProcessMemory or WriteProcessMemory request was completed. (0x12B)
[0423/015048.622:ERROR:process_memory_win.cc(73)] ReadMemory at 0x189d78d3ad0 of 512 bytes failed: Only part of a ReadProcessMemory or WriteProcessMemory request was completed. (0x12B)
[0423/015048.637:ERROR:scoped_process_suspend.cc(40)] NtResumeProcess: An attempt was made to access an exiting process. (0xc000010a)
[0423/025140.880:ERROR:process_info.cc(329)] VirtualQueryEx: Access is denied. (0x5)
[0423/025140.881:ERROR:process_info.cc(556)] ReadMemoryInfo failed
[0423/025140.882:ERROR:process_memory_win.cc(39)] Failed to initialize ProcessInfo.
[0423/025140.882:ERROR:scoped_process_suspend.cc(40)] NtResumeProcess: An attempt was made to access an exiting process. (0xc000010a)
[0423/190646.609:ERROR:process_info.cc(329)] VirtualQueryEx: Access is denied. (0x5)
[0423/190646.611:ERROR:process_info.cc(556)] ReadMemoryInfo failed
[0423/190646.611:ERROR:scoped_process_suspend.cc(40)] NtResumeProcess: An attempt was made to access an exiting process. (0xc000010a)
[0423/204057.374:ERROR:process_info.cc(329)] VirtualQueryEx: Access is denied. (0x5)
[0423/204057.375:ERROR:process_info.cc(556)] ReadMemoryInfo failed
[0423/204057.376:ERROR:scoped_process_suspend.cc(40)] NtResumeProcess: An attempt was made to access an exiting process. (0xc000010a)
